{"/home/chris/workspace/mediamosa/MediaMosa.js":{"path":"/home/chris/workspace/mediamosa/MediaMosa.js","s":{"1":1,"2":1,"3":0,"4":0,"5":0,"6":0,"7":0,"8":0,"9":0,"10":1,"11":0,"12":0,"13":0,"14":0,"15":1,"16":0,"17":0,"18":0,"19":0,"20":0,"21":0,"22":0,"23":0,"24":0,"25":0,"26":0,"27":0,"28":0,"29":0,"30":0,"31":0,"32":0,"33":0,"34":0,"35":0,"36":0,"37":0,"38":0,"39":0,"40":0,"41":0,"42":0,"43":0,"44":0,"45":0,"46":0,"47":0,"48":0,"49":0,"50":1,"51":0,"52":0,"53":0,"54":0,"55":0,"56":0,"57":0,"58":0,"59":0,"60":0,"61":0,"62":0,"63":0,"64":0,"65":0,"66":0,"67":0,"68":0,"69":0,"70":0,"71":0,"72":0,"73":0,"74":0,"75":0,"76":0,"77":0,"78":0,"79":0,"80":0,"81":0,"82":0,"83":0,"84":0,"85":0,"86":0,"87":0,"88":0,"89":0,"90":0,"91":1,"92":0,"93":0,"94":0,"95":0,"96":0,"97":0,"98":0,"99":0,"100":0,"101":0,"102":0,"103":0,"104":0,"105":0,"106":0,"107":0,"108":0,"109":0,"110":0,"111":0,"112":0,"113":0,"114":0,"115":0,"116":0,"117":1,"118":0,"119":0,"120":0,"121":0,"122":0,"123":0,"124":0,"125":0,"126":0,"127":0,"128":0,"129":0,"130":0,"131":0,"132":0,"133":0,"134":0,"135":0,"136":0,"137":0,"138":0,"139":0,"140":0,"141":0,"142":0,"143":0,"144":0,"145":0,"146":1,"147":0,"148":0,"149":0,"150":0,"151":0,"152":0,"153":0,"154":0,"155":1,"156":0,"157":0,"158":0,"159":0,"160":0,"161":0,"162":0,"163":0,"164":0,"165":0,"166":0,"167":0,"168":0,"169":0,"170":0,"171":0,"172":0,"173":0,"174":0,"175":0,"176":0,"177":0,"178":0,"179":0,"180":0,"181":0,"182":0,"183":0,"184":0,"185":0,"186":1,"187":0,"188":0,"189":0,"190":0,"191":0,"192":0,"193":1,"194":0,"195":0,"196":0,"197":0,"198":0,"199":0,"200":1,"201":0,"202":0,"203":0,"204":0,"205":0,"206":0,"207":0,"208":0,"209":1,"210":0,"211":0,"212":0,"213":0,"214":0,"215":0,"216":0,"217":0,"218":0,"219":0,"220":0,"221":0,"222":1,"223":0,"224":0,"225":0,"226":0,"227":0,"228":0,"229":0,"230":1,"231":0,"232":0,"233":0,"234":0,"235":0,"236":0,"237":0,"238":1,"239":0,"240":0,"241":0,"242":0,"243":0,"244":0,"245":0,"246":1},"b":{"1":[0,0],"2":[0,0,0],"3":[0,0],"4":[0,0],"5":[0,0],"6":[0,0],"7":[0,0],"8":[0,0],"9":[0,0],"10":[0,0],"11":[0,0],"12":[0,0],"13":[0,0],"14":[0,0],"15":[0,0],"16":[0,0],"17":[0,0],"18":[0,0],"19":[0,0],"20":[0,0],"21":[0,0],"22":[0,0],"23":[0,0],"24":[0,0],"25":[0,0,0],"26":[0,0],"27":[0,0],"28":[0,0],"29":[0,0],"30":[0,0]},"f":{"1":0,"2":0,"3":0,"4":0,"5":0,"6":0,"7":0,"8":0,"9":0,"10":0,"11":0,"12":0,"13":0,"14":0,"15":0,"16":0,"17":0,"18":0,"19":0,"20":0,"21":0,"22":0,"23":0,"24":0,"25":0,"26":0,"27":0,"28":0,"29":0,"30":0,"31":0,"32":0,"33":0,"34":0,"35":0,"36":0,"37":0,"38":0,"39":0,"40":0,"41":0,"42":0,"43":0,"44":0,"45":0,"46":0,"47":0,"48":0,"49":0,"50":0,"51":0,"52":0,"53":0,"54":0,"55":0,"56":0,"57":0,"58":0,"59":0,"60":0,"61":0,"62":0,"63":0,"64":0,"65":0,"66":0},"fnMap":{"1":{"name":"MediaMosa","line":17,"loc":{"start":{"line":17,"column":0},"end":{"line":17,"column":42}}},"2":{"name":"mm_challenge_hash","line":41,"loc":{"start":{"line":41,"column":0},"end":{"line":41,"column":55}}},"3":{"name":"mm_challenge","line":51,"loc":{"start":{"line":51,"column":0},"end":{"line":51,"column":59}}},"4":{"name":"(anonymous_4)","line":64,"loc":{"start":{"line":64,"column":41},"end":{"line":64,"column":56}}},"5":{"name":"(anonymous_5)","line":69,"loc":{"start":{"line":69,"column":24},"end":{"line":69,"column":40}}},"6":{"name":"(anonymous_6)","line":72,"loc":{"start":{"line":72,"column":23},"end":{"line":72,"column":35}}},"7":{"name":"(anonymous_7)","line":74,"loc":{"start":{"line":74,"column":34},"end":{"line":74,"column":62}}},"8":{"name":"(anonymous_8)","line":99,"loc":{"start":{"line":99,"column":25},"end":{"line":99,"column":39}}},"9":{"name":"mm_login","line":112,"loc":{"start":{"line":112,"column":0},"end":{"line":112,"column":40}}},"10":{"name":"(anonymous_10)","line":125,"loc":{"start":{"line":125,"column":41},"end":{"line":125,"column":56}}},"11":{"name":"(anonymous_11)","line":131,"loc":{"start":{"line":131,"column":24},"end":{"line":131,"column":40}}},"12":{"name":"(anonymous_12)","line":134,"loc":{"start":{"line":134,"column":23},"end":{"line":134,"column":35}}},"13":{"name":"(anonymous_13)","line":136,"loc":{"start":{"line":136,"column":34},"end":{"line":136,"column":62}}},"14":{"name":"(anonymous_14)","line":155,"loc":{"start":{"line":155,"column":35},"end":{"line":155,"column":55}}},"15":{"name":"(anonymous_15)","line":162,"loc":{"start":{"line":162,"column":31},"end":{"line":162,"column":46}}},"16":{"name":"(anonymous_16)","line":177,"loc":{"start":{"line":177,"column":25},"end":{"line":177,"column":39}}},"17":{"name":"mm_get","line":190,"loc":{"start":{"line":190,"column":0},"end":{"line":190,"column":36}}},"18":{"name":"(anonymous_18)","line":201,"loc":{"start":{"line":201,"column":32},"end":{"line":201,"column":48}}},"19":{"name":"(anonymous_19)","line":206,"loc":{"start":{"line":206,"column":24},"end":{"line":206,"column":40}}},"20":{"name":"(anonymous_20)","line":209,"loc":{"start":{"line":209,"column":23},"end":{"line":209,"column":34}}},"21":{"name":"(anonymous_21)","line":211,"loc":{"start":{"line":211,"column":34},"end":{"line":211,"column":62}}},"22":{"name":"(anonymous_22)","line":233,"loc":{"start":{"line":233,"column":25},"end":{"line":233,"column":39}}},"23":{"name":"mm_post","line":241,"loc":{"start":{"line":241,"column":0},"end":{"line":241,"column":43}}},"24":{"name":"(anonymous_24)","line":254,"loc":{"start":{"line":254,"column":41},"end":{"line":254,"column":56}}},"25":{"name":"(anonymous_25)","line":259,"loc":{"start":{"line":259,"column":24},"end":{"line":259,"column":40}}},"26":{"name":"(anonymous_26)","line":262,"loc":{"start":{"line":262,"column":23},"end":{"line":262,"column":35}}},"27":{"name":"(anonymous_27)","line":264,"loc":{"start":{"line":264,"column":34},"end":{"line":264,"column":62}}},"28":{"name":"(anonymous_28)","line":286,"loc":{"start":{"line":286,"column":25},"end":{"line":286,"column":39}}},"29":{"name":"mm_authenticate","line":299,"loc":{"start":{"line":299,"column":0},"end":{"line":299,"column":31}}},"30":{"name":"(anonymous_30)","line":305,"loc":{"start":{"line":305,"column":11},"end":{"line":305,"column":27}}},"31":{"name":"(anonymous_31)","line":308,"loc":{"start":{"line":308,"column":7},"end":{"line":308,"column":22}}},"32":{"name":"mm_do_request","line":316,"loc":{"start":{"line":316,"column":0},"end":{"line":316,"column":47}}},"33":{"name":"(anonymous_33)","line":330,"loc":{"start":{"line":330,"column":14},"end":{"line":330,"column":30}}},"34":{"name":"(anonymous_34)","line":332,"loc":{"start":{"line":332,"column":11},"end":{"line":332,"column":26}}},"35":{"name":"(anonymous_35)","line":335,"loc":{"start":{"line":335,"column":23},"end":{"line":335,"column":33}}},"36":{"name":"(anonymous_36)","line":338,"loc":{"start":{"line":338,"column":26},"end":{"line":338,"column":42}}},"37":{"name":"(anonymous_37)","line":340,"loc":{"start":{"line":340,"column":23},"end":{"line":340,"column":38}}},"38":{"name":"(anonymous_38)","line":344,"loc":{"start":{"line":344,"column":19},"end":{"line":344,"column":34}}},"39":{"name":"(anonymous_39)","line":354,"loc":{"start":{"line":354,"column":14},"end":{"line":354,"column":30}}},"40":{"name":"(anonymous_40)","line":356,"loc":{"start":{"line":356,"column":11},"end":{"line":356,"column":26}}},"41":{"name":"(anonymous_41)","line":359,"loc":{"start":{"line":359,"column":23},"end":{"line":359,"column":33}}},"42":{"name":"(anonymous_42)","line":362,"loc":{"start":{"line":362,"column":26},"end":{"line":362,"column":42}}},"43":{"name":"(anonymous_43)","line":364,"loc":{"start":{"line":364,"column":23},"end":{"line":364,"column":38}}},"44":{"name":"(anonymous_44)","line":368,"loc":{"start":{"line":368,"column":19},"end":{"line":368,"column":34}}},"45":{"name":"(anonymous_45)","line":392,"loc":{"start":{"line":392,"column":26},"end":{"line":392,"column":41}}},"46":{"name":"(anonymous_46)","line":398,"loc":{"start":{"line":398,"column":10},"end":{"line":398,"column":26}}},"47":{"name":"(anonymous_47)","line":400,"loc":{"start":{"line":400,"column":7},"end":{"line":400,"column":22}}},"48":{"name":"(anonymous_48)","line":408,"loc":{"start":{"line":408,"column":27},"end":{"line":408,"column":48}}},"49":{"name":"(anonymous_49)","line":414,"loc":{"start":{"line":414,"column":10},"end":{"line":414,"column":26}}},"50":{"name":"(anonymous_50)","line":416,"loc":{"start":{"line":416,"column":7},"end":{"line":416,"column":22}}},"51":{"name":"(anonymous_51)","line":431,"loc":{"start":{"line":431,"column":45},"end":{"line":431,"column":58}}},"52":{"name":"(anonymous_52)","line":439,"loc":{"start":{"line":439,"column":10},"end":{"line":439,"column":26}}},"53":{"name":"(anonymous_53)","line":443,"loc":{"start":{"line":443,"column":7},"end":{"line":443,"column":22}}},"54":{"name":"(anonymous_54)","line":451,"loc":{"start":{"line":451,"column":38},"end":{"line":451,"column":51}}},"55":{"name":"(anonymous_55)","line":462,"loc":{"start":{"line":462,"column":31},"end":{"line":462,"column":43}}},"56":{"name":"(anonymous_56)","line":464,"loc":{"start":{"line":464,"column":14},"end":{"line":464,"column":30}}},"57":{"name":"(anonymous_57)","line":469,"loc":{"start":{"line":469,"column":11},"end":{"line":469,"column":26}}},"58":{"name":"(anonymous_58)","line":481,"loc":{"start":{"line":481,"column":34},"end":{"line":481,"column":45}}},"59":{"name":"(anonymous_59)","line":490,"loc":{"start":{"line":490,"column":10},"end":{"line":490,"column":26}}},"60":{"name":"(anonymous_60)","line":493,"loc":{"start":{"line":493,"column":7},"end":{"line":493,"column":22}}},"61":{"name":"(anonymous_61)","line":500,"loc":{"start":{"line":500,"column":38},"end":{"line":500,"column":54}}},"62":{"name":"(anonymous_62)","line":509,"loc":{"start":{"line":509,"column":10},"end":{"line":509,"column":26}}},"63":{"name":"(anonymous_63)","line":512,"loc":{"start":{"line":512,"column":7},"end":{"line":512,"column":22}}},"64":{"name":"(anonymous_64)","line":520,"loc":{"start":{"line":520,"column":50},"end":{"line":520,"column":70}}},"65":{"name":"(anonymous_65)","line":529,"loc":{"start":{"line":529,"column":10},"end":{"line":529,"column":26}}},"66":{"name":"(anonymous_66)","line":532,"loc":{"start":{"line":532,"column":7},"end":{"line":532,"column":22}}}},"statementMap":{"1":{"start":{"line":5,"column":0},"end":{"line":11,"column":34}},"2":{"start":{"line":17,"column":0},"end":{"line":35,"column":1}},"3":{"start":{"line":25,"column":4},"end":{"line":27,"column":5}},"4":{"start":{"line":26,"column":8},"end":{"line":26,"column":76}},"5":{"start":{"line":29,"column":4},"end":{"line":29,"column":21}},"6":{"start":{"line":30,"column":4},"end":{"line":30,"column":21}},"7":{"start":{"line":31,"column":4},"end":{"line":31,"column":21}},"8":{"start":{"line":32,"column":4},"end":{"line":32,"column":29}},"9":{"start":{"line":34,"column":4},"end":{"line":34,"column":11}},"10":{"start":{"line":41,"column":0},"end":{"line":49,"column":1}},"11":{"start":{"line":43,"column":4},"end":{"line":43,"column":69}},"12":{"start":{"line":45,"column":4},"end":{"line":45,"column":39}},"13":{"start":{"line":46,"column":4},"end":{"line":46,"column":28}},"14":{"start":{"line":48,"column":4},"end":{"line":48,"column":32}},"15":{"start":{"line":51,"column":0},"end":{"line":110,"column":1}},"16":{"start":{"line":53,"column":4},"end":{"line":54,"column":29}},"17":{"start":{"line":56,"column":4},"end":{"line":56,"column":93}},"18":{"start":{"line":57,"column":4},"end":{"line":57,"column":58}},"19":{"start":{"line":58,"column":4},"end":{"line":58,"column":46}},"20":{"start":{"line":60,"column":4},"end":{"line":62,"column":42}},"21":{"start":{"line":64,"column":4},"end":{"line":103,"column":7}},"22":{"start":{"line":66,"column":8},"end":{"line":66,"column":55}},"23":{"start":{"line":67,"column":8},"end":{"line":67,"column":33}},"24":{"start":{"line":69,"column":8},"end":{"line":71,"column":11}},"25":{"start":{"line":70,"column":12},"end":{"line":70,"column":26}},"26":{"start":{"line":72,"column":8},"end":{"line":98,"column":11}},"27":{"start":{"line":73,"column":12},"end":{"line":97,"column":13}},"28":{"start":{"line":74,"column":16},"end":{"line":93,"column":19}},"29":{"start":{"line":75,"column":20},"end":{"line":78,"column":21}},"30":{"start":{"line":76,"column":24},"end":{"line":76,"column":69}},"31":{"start":{"line":77,"column":24},"end":{"line":77,"column":50}},"32":{"start":{"line":79,"column":20},"end":{"line":92,"column":21}},"33":{"start":{"line":80,"column":24},"end":{"line":80,"column":80}},"34":{"start":{"line":81,"column":24},"end":{"line":81,"column":94}},"35":{"start":{"line":83,"column":24},"end":{"line":91,"column":25}},"36":{"start":{"line":85,"column":28},"end":{"line":85,"column":82}},"37":{"start":{"line":86,"column":28},"end":{"line":86,"column":91}},"38":{"start":{"line":87,"column":28},"end":{"line":87,"column":57}},"39":{"start":{"line":89,"column":28},"end":{"line":89,"column":93}},"40":{"start":{"line":90,"column":28},"end":{"line":90,"column":52}},"41":{"start":{"line":95,"column":16},"end":{"line":95,"column":71}},"42":{"start":{"line":96,"column":16},"end":{"line":96,"column":34}},"43":{"start":{"line":99,"column":8},"end":{"line":102,"column":11}},"44":{"start":{"line":100,"column":12},"end":{"line":100,"column":72}},"45":{"start":{"line":101,"column":12},"end":{"line":101,"column":33}},"46":{"start":{"line":105,"column":4},"end":{"line":105,"column":60}},"47":{"start":{"line":106,"column":4},"end":{"line":106,"column":25}},"48":{"start":{"line":107,"column":4},"end":{"line":107,"column":19}},"49":{"start":{"line":109,"column":4},"end":{"line":109,"column":28}},"50":{"start":{"line":112,"column":0},"end":{"line":188,"column":1}},"51":{"start":{"line":114,"column":4},"end":{"line":123,"column":10}},"52":{"start":{"line":125,"column":4},"end":{"line":181,"column":7}},"53":{"start":{"line":127,"column":8},"end":{"line":127,"column":88}},"54":{"start":{"line":128,"column":8},"end":{"line":128,"column":33}},"55":{"start":{"line":129,"column":8},"end":{"line":129,"column":47}},"56":{"start":{"line":131,"column":8},"end":{"line":133,"column":11}},"57":{"start":{"line":132,"column":12},"end":{"line":132,"column":26}},"58":{"start":{"line":134,"column":8},"end":{"line":176,"column":11}},"59":{"start":{"line":135,"column":12},"end":{"line":175,"column":13}},"60":{"start":{"line":136,"column":16},"end":{"line":171,"column":19}},"61":{"start":{"line":137,"column":20},"end":{"line":140,"column":21}},"62":{"start":{"line":138,"column":24},"end":{"line":138,"column":69}},"63":{"start":{"line":139,"column":24},"end":{"line":139,"column":50}},"64":{"start":{"line":141,"column":20},"end":{"line":170,"column":21}},"65":{"start":{"line":142,"column":24},"end":{"line":142,"column":80}},"66":{"start":{"line":143,"column":24},"end":{"line":143,"column":94}},"67":{"start":{"line":145,"column":24},"end":{"line":169,"column":25}},"68":{"start":{"line":147,"column":28},"end":{"line":147,"column":81}},"69":{"start":{"line":148,"column":28},"end":{"line":148,"column":48}},"70":{"start":{"line":149,"column":28},"end":{"line":149,"column":56}},"71":{"start":{"line":152,"column":28},"end":{"line":152,"column":76}},"72":{"start":{"line":153,"column":28},"end":{"line":153,"column":87}},"73":{"start":{"line":154,"column":28},"end":{"line":165,"column":31}},"74":{"start":{"line":156,"column":32},"end":{"line":161,"column":33}},"75":{"start":{"line":157,"column":36},"end":{"line":157,"column":61}},"76":{"start":{"line":159,"column":36},"end":{"line":159,"column":97}},"77":{"start":{"line":160,"column":36},"end":{"line":160,"column":64}},"78":{"start":{"line":163,"column":32},"end":{"line":163,"column":82}},"79":{"start":{"line":164,"column":32},"end":{"line":164,"column":53}},"80":{"start":{"line":167,"column":28},"end":{"line":167,"column":93}},"81":{"start":{"line":168,"column":28},"end":{"line":168,"column":52}},"82":{"start":{"line":173,"column":16},"end":{"line":173,"column":71}},"83":{"start":{"line":174,"column":16},"end":{"line":174,"column":34}},"84":{"start":{"line":177,"column":8},"end":{"line":180,"column":11}},"85":{"start":{"line":178,"column":12},"end":{"line":178,"column":72}},"86":{"start":{"line":179,"column":12},"end":{"line":179,"column":33}},"87":{"start":{"line":183,"column":4},"end":{"line":183,"column":59}},"88":{"start":{"line":184,"column":4},"end":{"line":184,"column":25}},"89":{"start":{"line":185,"column":4},"end":{"line":185,"column":19}},"90":{"start":{"line":187,"column":4},"end":{"line":187,"column":28}},"91":{"start":{"line":190,"column":0},"end":{"line":239,"column":1}},"92":{"start":{"line":192,"column":4},"end":{"line":199,"column":6}},"93":{"start":{"line":201,"column":4},"end":{"line":237,"column":7}},"94":{"start":{"line":203,"column":8},"end":{"line":203,"column":48}},"95":{"start":{"line":204,"column":8},"end":{"line":204,"column":33}},"96":{"start":{"line":206,"column":8},"end":{"line":208,"column":11}},"97":{"start":{"line":207,"column":12},"end":{"line":207,"column":26}},"98":{"start":{"line":209,"column":8},"end":{"line":232,"column":11}},"99":{"start":{"line":210,"column":12},"end":{"line":231,"column":13}},"100":{"start":{"line":211,"column":16},"end":{"line":227,"column":19}},"101":{"start":{"line":212,"column":20},"end":{"line":215,"column":21}},"102":{"start":{"line":213,"column":24},"end":{"line":213,"column":69}},"103":{"start":{"line":214,"column":24},"end":{"line":214,"column":50}},"104":{"start":{"line":216,"column":20},"end":{"line":226,"column":21}},"105":{"start":{"line":217,"column":24},"end":{"line":217,"column":80}},"106":{"start":{"line":218,"column":24},"end":{"line":218,"column":94}},"107":{"start":{"line":220,"column":24},"end":{"line":225,"column":25}},"108":{"start":{"line":221,"column":28},"end":{"line":221,"column":53}},"109":{"start":{"line":223,"column":28},"end":{"line":223,"column":93}},"110":{"start":{"line":224,"column":28},"end":{"line":224,"column":52}},"111":{"start":{"line":229,"column":16},"end":{"line":229,"column":75}},"112":{"start":{"line":230,"column":16},"end":{"line":230,"column":34}},"113":{"start":{"line":233,"column":8},"end":{"line":236,"column":11}},"114":{"start":{"line":234,"column":12},"end":{"line":234,"column":76}},"115":{"start":{"line":235,"column":12},"end":{"line":235,"column":33}},"116":{"start":{"line":238,"column":4},"end":{"line":238,"column":28}},"117":{"start":{"line":241,"column":0},"end":{"line":297,"column":1}},"118":{"start":{"line":243,"column":4},"end":{"line":252,"column":10}},"119":{"start":{"line":254,"column":4},"end":{"line":290,"column":7}},"120":{"start":{"line":256,"column":8},"end":{"line":256,"column":54}},"121":{"start":{"line":257,"column":8},"end":{"line":257,"column":33}},"122":{"start":{"line":259,"column":8},"end":{"line":261,"column":11}},"123":{"start":{"line":260,"column":12},"end":{"line":260,"column":26}},"124":{"start":{"line":262,"column":8},"end":{"line":285,"column":11}},"125":{"start":{"line":263,"column":12},"end":{"line":284,"column":13}},"126":{"start":{"line":264,"column":16},"end":{"line":280,"column":19}},"127":{"start":{"line":265,"column":20},"end":{"line":268,"column":21}},"128":{"start":{"line":266,"column":24},"end":{"line":266,"column":69}},"129":{"start":{"line":267,"column":24},"end":{"line":267,"column":50}},"130":{"start":{"line":269,"column":20},"end":{"line":279,"column":21}},"131":{"start":{"line":270,"column":24},"end":{"line":270,"column":80}},"132":{"start":{"line":271,"column":24},"end":{"line":271,"column":94}},"133":{"start":{"line":273,"column":24},"end":{"line":278,"column":25}},"134":{"start":{"line":274,"column":28},"end":{"line":274,"column":53}},"135":{"start":{"line":276,"column":28},"end":{"line":276,"column":93}},"136":{"start":{"line":277,"column":28},"end":{"line":277,"column":52}},"137":{"start":{"line":282,"column":16},"end":{"line":282,"column":69}},"138":{"start":{"line":283,"column":16},"end":{"line":283,"column":34}},"139":{"start":{"line":286,"column":8},"end":{"line":289,"column":11}},"140":{"start":{"line":287,"column":12},"end":{"line":287,"column":77}},"141":{"start":{"line":288,"column":12},"end":{"line":288,"column":33}},"142":{"start":{"line":292,"column":4},"end":{"line":292,"column":52}},"143":{"start":{"line":293,"column":4},"end":{"line":293,"column":25}},"144":{"start":{"line":294,"column":4},"end":{"line":294,"column":19}},"145":{"start":{"line":296,"column":4},"end":{"line":296,"column":28}},"146":{"start":{"line":299,"column":0},"end":{"line":314,"column":1}},"147":{"start":{"line":301,"column":4},"end":{"line":302,"column":20}},"148":{"start":{"line":304,"column":4},"end":{"line":312,"column":7}},"149":{"start":{"line":306,"column":8},"end":{"line":306,"column":29}},"150":{"start":{"line":307,"column":8},"end":{"line":307,"column":27}},"151":{"start":{"line":309,"column":8},"end":{"line":309,"column":61}},"152":{"start":{"line":310,"column":8},"end":{"line":310,"column":25}},"153":{"start":{"line":311,"column":8},"end":{"line":311,"column":26}},"154":{"start":{"line":313,"column":4},"end":{"line":313,"column":28}},"155":{"start":{"line":316,"column":0},"end":{"line":381,"column":1}},"156":{"start":{"line":321,"column":4},"end":{"line":322,"column":20}},"157":{"start":{"line":324,"column":4},"end":{"line":326,"column":5}},"158":{"start":{"line":325,"column":8},"end":{"line":325,"column":15}},"159":{"start":{"line":328,"column":4},"end":{"line":379,"column":5}},"160":{"start":{"line":329,"column":8},"end":{"line":351,"column":11}},"161":{"start":{"line":331,"column":12},"end":{"line":331,"column":37}},"162":{"start":{"line":333,"column":12},"end":{"line":350,"column":13}},"163":{"start":{"line":334,"column":16},"end":{"line":347,"column":19}},"164":{"start":{"line":337,"column":20},"end":{"line":343,"column":23}},"165":{"start":{"line":339,"column":24},"end":{"line":339,"column":49}},"166":{"start":{"line":341,"column":24},"end":{"line":341,"column":71}},"167":{"start":{"line":342,"column":24},"end":{"line":342,"column":45}},"168":{"start":{"line":345,"column":20},"end":{"line":345,"column":73}},"169":{"start":{"line":346,"column":20},"end":{"line":346,"column":41}},"170":{"start":{"line":349,"column":16},"end":{"line":349,"column":37}},"171":{"start":{"line":352,"column":10},"end":{"line":379,"column":5}},"172":{"start":{"line":353,"column":8},"end":{"line":375,"column":11}},"173":{"start":{"line":355,"column":12},"end":{"line":355,"column":37}},"174":{"start":{"line":357,"column":12},"end":{"line":374,"column":13}},"175":{"start":{"line":358,"column":16},"end":{"line":371,"column":19}},"176":{"start":{"line":361,"column":20},"end":{"line":367,"column":23}},"177":{"start":{"line":363,"column":24},"end":{"line":363,"column":49}},"178":{"start":{"line":365,"column":24},"end":{"line":365,"column":72}},"179":{"start":{"line":366,"column":24},"end":{"line":366,"column":45}},"180":{"start":{"line":369,"column":20},"end":{"line":369,"column":73}},"181":{"start":{"line":370,"column":20},"end":{"line":370,"column":41}},"182":{"start":{"line":373,"column":16},"end":{"line":373,"column":37}},"183":{"start":{"line":377,"column":8},"end":{"line":377,"column":59}},"184":{"start":{"line":378,"column":8},"end":{"line":378,"column":26}},"185":{"start":{"line":380,"column":4},"end":{"line":380,"column":28}},"186":{"start":{"line":392,"column":0},"end":{"line":406,"column":2}},"187":{"start":{"line":394,"column":4},"end":{"line":395,"column":20}},"188":{"start":{"line":397,"column":4},"end":{"line":403,"column":7}},"189":{"start":{"line":399,"column":8},"end":{"line":399,"column":33}},"190":{"start":{"line":401,"column":8},"end":{"line":401,"column":52}},"191":{"start":{"line":402,"column":8},"end":{"line":402,"column":29}},"192":{"start":{"line":405,"column":4},"end":{"line":405,"column":28}},"193":{"start":{"line":408,"column":0},"end":{"line":422,"column":2}},"194":{"start":{"line":410,"column":4},"end":{"line":411,"column":20}},"195":{"start":{"line":413,"column":4},"end":{"line":419,"column":7}},"196":{"start":{"line":415,"column":8},"end":{"line":415,"column":33}},"197":{"start":{"line":417,"column":8},"end":{"line":417,"column":53}},"198":{"start":{"line":418,"column":8},"end":{"line":418,"column":29}},"199":{"start":{"line":421,"column":4},"end":{"line":421,"column":28}},"200":{"start":{"line":431,"column":0},"end":{"line":449,"column":2}},"201":{"start":{"line":433,"column":4},"end":{"line":436,"column":90}},"202":{"start":{"line":438,"column":4},"end":{"line":446,"column":7}},"203":{"start":{"line":440,"column":8},"end":{"line":440,"column":109}},"204":{"start":{"line":441,"column":8},"end":{"line":441,"column":59}},"205":{"start":{"line":442,"column":8},"end":{"line":442,"column":37}},"206":{"start":{"line":444,"column":8},"end":{"line":444,"column":71}},"207":{"start":{"line":445,"column":8},"end":{"line":445,"column":29}},"208":{"start":{"line":448,"column":4},"end":{"line":448,"column":28}},"209":{"start":{"line":451,"column":0},"end":{"line":479,"column":2}},"210":{"start":{"line":453,"column":4},"end":{"line":456,"column":110}},"211":{"start":{"line":462,"column":4},"end":{"line":476,"column":13}},"212":{"start":{"line":463,"column":8},"end":{"line":475,"column":11}},"213":{"start":{"line":465,"column":12},"end":{"line":465,"column":65}},"214":{"start":{"line":466,"column":12},"end":{"line":466,"column":56}},"215":{"start":{"line":467,"column":12},"end":{"line":467,"column":36}},"216":{"start":{"line":468,"column":12},"end":{"line":468,"column":34}},"217":{"start":{"line":470,"column":12},"end":{"line":470,"column":68}},"218":{"start":{"line":471,"column":12},"end":{"line":474,"column":13}},"219":{"start":{"line":472,"column":16},"end":{"line":472,"column":40}},"220":{"start":{"line":473,"column":16},"end":{"line":473,"column":37}},"221":{"start":{"line":478,"column":4},"end":{"line":478,"column":28}},"222":{"start":{"line":481,"column":0},"end":{"line":498,"column":2}},"223":{"start":{"line":483,"column":4},"end":{"line":487,"column":19}},"224":{"start":{"line":489,"column":4},"end":{"line":496,"column":7}},"225":{"start":{"line":491,"column":8},"end":{"line":491,"column":61}},"226":{"start":{"line":492,"column":8},"end":{"line":492,"column":32}},"227":{"start":{"line":494,"column":8},"end":{"line":494,"column":60}},"228":{"start":{"line":495,"column":8},"end":{"line":495,"column":29}},"229":{"start":{"line":497,"column":4},"end":{"line":497,"column":28}},"230":{"start":{"line":500,"column":0},"end":{"line":518,"column":2}},"231":{"start":{"line":502,"column":4},"end":{"line":506,"column":23}},"232":{"start":{"line":508,"column":4},"end":{"line":515,"column":7}},"233":{"start":{"line":510,"column":8},"end":{"line":510,"column":69}},"234":{"start":{"line":511,"column":8},"end":{"line":511,"column":36}},"235":{"start":{"line":513,"column":8},"end":{"line":513,"column":64}},"236":{"start":{"line":514,"column":8},"end":{"line":514,"column":29}},"237":{"start":{"line":517,"column":4},"end":{"line":517,"column":28}},"238":{"start":{"line":520,"column":0},"end":{"line":538,"column":2}},"239":{"start":{"line":522,"column":4},"end":{"line":526,"column":20}},"240":{"start":{"line":528,"column":4},"end":{"line":535,"column":7}},"241":{"start":{"line":530,"column":8},"end":{"line":530,"column":60}},"242":{"start":{"line":531,"column":8},"end":{"line":531,"column":33}},"243":{"start":{"line":533,"column":8},"end":{"line":533,"column":76}},"244":{"start":{"line":534,"column":8},"end":{"line":534,"column":29}},"245":{"start":{"line":537,"column":4},"end":{"line":537,"column":28}},"246":{"start":{"line":540,"column":0},"end":{"line":540,"column":27}}},"branchMap":{"1":{"line":25,"type":"if","locations":[{"start":{"line":25,"column":4},"end":{"line":25,"column":4}},{"start":{"line":25,"column":4},"end":{"line":25,"column":4}}]},"2":{"line":25,"type":"binary-expr","locations":[{"start":{"line":25,"column":7},"end":{"line":25,"column":12}},{"start":{"line":25,"column":16},"end":{"line":25,"column":21}},{"start":{"line":25,"column":25},"end":{"line":25,"column":34}}]},"3":{"line":73,"type":"if","locations":[{"start":{"line":73,"column":12},"end":{"line":73,"column":12}},{"start":{"line":73,"column":12},"end":{"line":73,"column":12}}]},"4":{"line":75,"type":"if","locations":[{"start":{"line":75,"column":20},"end":{"line":75,"column":20}},{"start":{"line":75,"column":20},"end":{"line":75,"column":20}}]},"5":{"line":75,"type":"binary-expr","locations":[{"start":{"line":75,"column":23},"end":{"line":75,"column":31}},{"start":{"line":75,"column":35},"end":{"line":75,"column":42}}]},"6":{"line":79,"type":"if","locations":[{"start":{"line":79,"column":20},"end":{"line":79,"column":20}},{"start":{"line":79,"column":20},"end":{"line":79,"column":20}}]},"7":{"line":83,"type":"if","locations":[{"start":{"line":83,"column":24},"end":{"line":83,"column":24}},{"start":{"line":83,"column":24},"end":{"line":83,"column":24}}]},"8":{"line":135,"type":"if","locations":[{"start":{"line":135,"column":12},"end":{"line":135,"column":12}},{"start":{"line":135,"column":12},"end":{"line":135,"column":12}}]},"9":{"line":137,"type":"if","locations":[{"start":{"line":137,"column":20},"end":{"line":137,"column":20}},{"start":{"line":137,"column":20},"end":{"line":137,"column":20}}]},"10":{"line":137,"type":"binary-expr","locations":[{"start":{"line":137,"column":23},"end":{"line":137,"column":31}},{"start":{"line":137,"column":35},"end":{"line":137,"column":42}}]},"11":{"line":141,"type":"if","locations":[{"start":{"line":141,"column":20},"end":{"line":141,"column":20}},{"start":{"line":141,"column":20},"end":{"line":141,"column":20}}]},"12":{"line":145,"type":"if","locations":[{"start":{"line":145,"column":24},"end":{"line":145,"column":24}},{"start":{"line":145,"column":24},"end":{"line":145,"column":24}}]},"13":{"line":156,"type":"if","locations":[{"start":{"line":156,"column":32},"end":{"line":156,"column":32}},{"start":{"line":156,"column":32},"end":{"line":156,"column":32}}]},"14":{"line":210,"type":"if","locations":[{"start":{"line":210,"column":12},"end":{"line":210,"column":12}},{"start":{"line":210,"column":12},"end":{"line":210,"column":12}}]},"15":{"line":212,"type":"if","locations":[{"start":{"line":212,"column":20},"end":{"line":212,"column":20}},{"start":{"line":212,"column":20},"end":{"line":212,"column":20}}]},"16":{"line":212,"type":"binary-expr","locations":[{"start":{"line":212,"column":23},"end":{"line":212,"column":31}},{"start":{"line":212,"column":35},"end":{"line":212,"column":42}}]},"17":{"line":216,"type":"if","locations":[{"start":{"line":216,"column":20},"end":{"line":216,"column":20}},{"start":{"line":216,"column":20},"end":{"line":216,"column":20}}]},"18":{"line":220,"type":"if","locations":[{"start":{"line":220,"column":24},"end":{"line":220,"column":24}},{"start":{"line":220,"column":24},"end":{"line":220,"column":24}}]},"19":{"line":263,"type":"if","locations":[{"start":{"line":263,"column":12},"end":{"line":263,"column":12}},{"start":{"line":263,"column":12},"end":{"line":263,"column":12}}]},"20":{"line":265,"type":"if","locations":[{"start":{"line":265,"column":20},"end":{"line":265,"column":20}},{"start":{"line":265,"column":20},"end":{"line":265,"column":20}}]},"21":{"line":265,"type":"binary-expr","locations":[{"start":{"line":265,"column":23},"end":{"line":265,"column":31}},{"start":{"line":265,"column":35},"end":{"line":265,"column":42}}]},"22":{"line":269,"type":"if","locations":[{"start":{"line":269,"column":20},"end":{"line":269,"column":20}},{"start":{"line":269,"column":20},"end":{"line":269,"column":20}}]},"23":{"line":273,"type":"if","locations":[{"start":{"line":273,"column":24},"end":{"line":273,"column":24}},{"start":{"line":273,"column":24},"end":{"line":273,"column":24}}]},"24":{"line":324,"type":"if","locations":[{"start":{"line":324,"column":4},"end":{"line":324,"column":4}},{"start":{"line":324,"column":4},"end":{"line":324,"column":4}}]},"25":{"line":324,"type":"binary-expr","locations":[{"start":{"line":324,"column":8},"end":{"line":324,"column":13}},{"start":{"line":324,"column":17},"end":{"line":324,"column":22}},{"start":{"line":324,"column":26},"end":{"line":324,"column":36}}]},"26":{"line":328,"type":"if","locations":[{"start":{"line":328,"column":4},"end":{"line":328,"column":4}},{"start":{"line":328,"column":4},"end":{"line":328,"column":4}}]},"27":{"line":333,"type":"if","locations":[{"start":{"line":333,"column":12},"end":{"line":333,"column":12}},{"start":{"line":333,"column":12},"end":{"line":333,"column":12}}]},"28":{"line":352,"type":"if","locations":[{"start":{"line":352,"column":10},"end":{"line":352,"column":10}},{"start":{"line":352,"column":10},"end":{"line":352,"column":10}}]},"29":{"line":357,"type":"if","locations":[{"start":{"line":357,"column":12},"end":{"line":357,"column":12}},{"start":{"line":357,"column":12},"end":{"line":357,"column":12}}]},"30":{"line":471,"type":"if","locations":[{"start":{"line":471,"column":12},"end":{"line":471,"column":12}},{"start":{"line":471,"column":12},"end":{"line":471,"column":12}}]}}}}