TN:
SF:/home/chris/workspace/mediamosa/MediaMosa.js
FN:17,MediaMosa
FN:41,mm_challenge_hash
FN:51,mm_challenge
FN:64,(anonymous_4)
FN:69,(anonymous_5)
FN:72,(anonymous_6)
FN:74,(anonymous_7)
FN:99,(anonymous_8)
FN:112,mm_login
FN:125,(anonymous_10)
FN:131,(anonymous_11)
FN:134,(anonymous_12)
FN:136,(anonymous_13)
FN:155,(anonymous_14)
FN:162,(anonymous_15)
FN:177,(anonymous_16)
FN:190,mm_get
FN:201,(anonymous_18)
FN:206,(anonymous_19)
FN:209,(anonymous_20)
FN:211,(anonymous_21)
FN:233,(anonymous_22)
FN:241,mm_post
FN:254,(anonymous_24)
FN:259,(anonymous_25)
FN:262,(anonymous_26)
FN:264,(anonymous_27)
FN:286,(anonymous_28)
FN:299,mm_authenticate
FN:305,(anonymous_30)
FN:308,(anonymous_31)
FN:316,mm_do_request
FN:330,(anonymous_33)
FN:332,(anonymous_34)
FN:335,(anonymous_35)
FN:338,(anonymous_36)
FN:340,(anonymous_37)
FN:344,(anonymous_38)
FN:354,(anonymous_39)
FN:356,(anonymous_40)
FN:359,(anonymous_41)
FN:362,(anonymous_42)
FN:364,(anonymous_43)
FN:368,(anonymous_44)
FN:392,(anonymous_45)
FN:398,(anonymous_46)
FN:400,(anonymous_47)
FN:408,(anonymous_48)
FN:414,(anonymous_49)
FN:416,(anonymous_50)
FN:431,(anonymous_51)
FN:439,(anonymous_52)
FN:443,(anonymous_53)
FN:451,(anonymous_54)
FN:462,(anonymous_55)
FN:464,(anonymous_56)
FN:469,(anonymous_57)
FN:481,(anonymous_58)
FN:490,(anonymous_59)
FN:493,(anonymous_60)
FN:500,(anonymous_61)
FN:509,(anonymous_62)
FN:512,(anonymous_63)
FN:520,(anonymous_64)
FN:529,(anonymous_65)
FN:532,(anonymous_66)
FNF:66
FNH:0
FNDA:0,MediaMosa
FNDA:0,mm_challenge_hash
FNDA:0,mm_challenge
FNDA:0,(anonymous_4)
FNDA:0,(anonymous_5)
FNDA:0,(anonymous_6)
FNDA:0,(anonymous_7)
FNDA:0,(anonymous_8)
FNDA:0,mm_login
FNDA:0,(anonymous_10)
FNDA:0,(anonymous_11)
FNDA:0,(anonymous_12)
FNDA:0,(anonymous_13)
FNDA:0,(anonymous_14)
FNDA:0,(anonymous_15)
FNDA:0,(anonymous_16)
FNDA:0,mm_get
FNDA:0,(anonymous_18)
FNDA:0,(anonymous_19)
FNDA:0,(anonymous_20)
FNDA:0,(anonymous_21)
FNDA:0,(anonymous_22)
FNDA:0,mm_post
FNDA:0,(anonymous_24)
FNDA:0,(anonymous_25)
FNDA:0,(anonymous_26)
FNDA:0,(anonymous_27)
FNDA:0,(anonymous_28)
FNDA:0,mm_authenticate
FNDA:0,(anonymous_30)
FNDA:0,(anonymous_31)
FNDA:0,mm_do_request
FNDA:0,(anonymous_33)
FNDA:0,(anonymous_34)
FNDA:0,(anonymous_35)
FNDA:0,(anonymous_36)
FNDA:0,(anonymous_37)
FNDA:0,(anonymous_38)
FNDA:0,(anonymous_39)
FNDA:0,(anonymous_40)
FNDA:0,(anonymous_41)
FNDA:0,(anonymous_42)
FNDA:0,(anonymous_43)
FNDA:0,(anonymous_44)
FNDA:0,(anonymous_45)
FNDA:0,(anonymous_46)
FNDA:0,(anonymous_47)
FNDA:0,(anonymous_48)
FNDA:0,(anonymous_49)
FNDA:0,(anonymous_50)
FNDA:0,(anonymous_51)
FNDA:0,(anonymous_52)
FNDA:0,(anonymous_53)
FNDA:0,(anonymous_54)
FNDA:0,(anonymous_55)
FNDA:0,(anonymous_56)
FNDA:0,(anonymous_57)
FNDA:0,(anonymous_58)
FNDA:0,(anonymous_59)
FNDA:0,(anonymous_60)
FNDA:0,(anonymous_61)
FNDA:0,(anonymous_62)
FNDA:0,(anonymous_63)
FNDA:0,(anonymous_64)
FNDA:0,(anonymous_65)
FNDA:0,(anonymous_66)
DA:5,1
DA:17,1
DA:25,0
DA:26,0
DA:29,0
DA:30,0
DA:31,0
DA:32,0
DA:34,0
DA:41,1
DA:43,0
DA:45,0
DA:46,0
DA:48,0
DA:51,1
DA:53,0
DA:56,0
DA:57,0
DA:58,0
DA:60,0
DA:64,0
DA:66,0
DA:67,0
DA:69,0
DA:70,0
DA:72,0
DA:73,0
DA:74,0
DA:75,0
DA:76,0
DA:77,0
DA:79,0
DA:80,0
DA:81,0
DA:83,0
DA:85,0
DA:86,0
DA:87,0
DA:89,0
DA:90,0
DA:95,0
DA:96,0
DA:99,0
DA:100,0
DA:101,0
DA:105,0
DA:106,0
DA:107,0
DA:109,0
DA:112,1
DA:114,0
DA:125,0
DA:127,0
DA:128,0
DA:129,0
DA:131,0
DA:132,0
DA:134,0
DA:135,0
DA:136,0
DA:137,0
DA:138,0
DA:139,0
DA:141,0
DA:142,0
DA:143,0
DA:145,0
DA:147,0
DA:148,0
DA:149,0
DA:152,0
DA:153,0
DA:154,0
DA:156,0
DA:157,0
DA:159,0
DA:160,0
DA:163,0
DA:164,0
DA:167,0
DA:168,0
DA:173,0
DA:174,0
DA:177,0
DA:178,0
DA:179,0
DA:183,0
DA:184,0
DA:185,0
DA:187,0
DA:190,1
DA:192,0
DA:201,0
DA:203,0
DA:204,0
DA:206,0
DA:207,0
DA:209,0
DA:210,0
DA:211,0
DA:212,0
DA:213,0
DA:214,0
DA:216,0
DA:217,0
DA:218,0
DA:220,0
DA:221,0
DA:223,0
DA:224,0
DA:229,0
DA:230,0
DA:233,0
DA:234,0
DA:235,0
DA:238,0
DA:241,1
DA:243,0
DA:254,0
DA:256,0
DA:257,0
DA:259,0
DA:260,0
DA:262,0
DA:263,0
DA:264,0
DA:265,0
DA:266,0
DA:267,0
DA:269,0
DA:270,0
DA:271,0
DA:273,0
DA:274,0
DA:276,0
DA:277,0
DA:282,0
DA:283,0
DA:286,0
DA:287,0
DA:288,0
DA:292,0
DA:293,0
DA:294,0
DA:296,0
DA:299,1
DA:301,0
DA:304,0
DA:306,0
DA:307,0
DA:309,0
DA:310,0
DA:311,0
DA:313,0
DA:316,1
DA:321,0
DA:324,0
DA:325,0
DA:328,0
DA:329,0
DA:331,0
DA:333,0
DA:334,0
DA:337,0
DA:339,0
DA:341,0
DA:342,0
DA:345,0
DA:346,0
DA:349,0
DA:352,0
DA:353,0
DA:355,0
DA:357,0
DA:358,0
DA:361,0
DA:363,0
DA:365,0
DA:366,0
DA:369,0
DA:370,0
DA:373,0
DA:377,0
DA:378,0
DA:380,0
DA:392,1
DA:394,0
DA:397,0
DA:399,0
DA:401,0
DA:402,0
DA:405,0
DA:408,1
DA:410,0
DA:413,0
DA:415,0
DA:417,0
DA:418,0
DA:421,0
DA:431,1
DA:433,0
DA:438,0
DA:440,0
DA:441,0
DA:442,0
DA:444,0
DA:445,0
DA:448,0
DA:451,1
DA:453,0
DA:462,0
DA:463,0
DA:465,0
DA:466,0
DA:467,0
DA:468,0
DA:470,0
DA:471,0
DA:472,0
DA:473,0
DA:478,0
DA:481,1
DA:483,0
DA:489,0
DA:491,0
DA:492,0
DA:494,0
DA:495,0
DA:497,0
DA:500,1
DA:502,0
DA:508,0
DA:510,0
DA:511,0
DA:513,0
DA:514,0
DA:517,0
DA:520,1
DA:522,0
DA:528,0
DA:530,0
DA:531,0
DA:533,0
DA:534,0
DA:537,0
DA:540,1
LF:246
LH:17
BRDA:25,1,0,0
BRDA:25,1,1,0
BRDA:25,2,0,0
BRDA:25,2,1,0
BRDA:25,2,2,0
BRDA:73,3,0,0
BRDA:73,3,1,0
BRDA:75,4,0,0
BRDA:75,4,1,0
BRDA:75,5,0,0
BRDA:75,5,1,0
BRDA:79,6,0,0
BRDA:79,6,1,0
BRDA:83,7,0,0
BRDA:83,7,1,0
BRDA:135,8,0,0
BRDA:135,8,1,0
BRDA:137,9,0,0
BRDA:137,9,1,0
BRDA:137,10,0,0
BRDA:137,10,1,0
BRDA:141,11,0,0
BRDA:141,11,1,0
BRDA:145,12,0,0
BRDA:145,12,1,0
BRDA:156,13,0,0
BRDA:156,13,1,0
BRDA:210,14,0,0
BRDA:210,14,1,0
BRDA:212,15,0,0
BRDA:212,15,1,0
BRDA:212,16,0,0
BRDA:212,16,1,0
BRDA:216,17,0,0
BRDA:216,17,1,0
BRDA:220,18,0,0
BRDA:220,18,1,0
BRDA:263,19,0,0
BRDA:263,19,1,0
BRDA:265,20,0,0
BRDA:265,20,1,0
BRDA:265,21,0,0
BRDA:265,21,1,0
BRDA:269,22,0,0
BRDA:269,22,1,0
BRDA:273,23,0,0
BRDA:273,23,1,0
BRDA:324,24,0,0
BRDA:324,24,1,0
BRDA:324,25,0,0
BRDA:324,25,1,0
BRDA:324,25,2,0
BRDA:328,26,0,0
BRDA:328,26,1,0
BRDA:333,27,0,0
BRDA:333,27,1,0
BRDA:352,28,0,0
BRDA:352,28,1,0
BRDA:357,29,0,0
BRDA:357,29,1,0
BRDA:471,30,0,0
BRDA:471,30,1,0
BRF:62
BRH:0
end_of_record
